<?xml version="1.0" encoding="UTF-8"?>
<testsuite xmlns:xsi="http://www.w3.org/2001/XMLSchema-instance" xsi:noNamespaceSchemaLocation="https://maven.apache.org/surefire/maven-surefire-plugin/xsd/surefire-test-report.xsd" name="com.iboxz.ringer.RingerApplicationTests" time="10.678" tests="1" errors="0" skipped="0" failures="0">
  <properties>
    <property name="sun.desktop" value="gnome"/>
    <property name="awt.toolkit" value="sun.awt.X11.XToolkit"/>
    <property name="java.specification.version" value="11"/>
    <property name="sun.cpu.isalist" value=""/>
    <property name="sun.jnu.encoding" value="UTF-8"/>
    <property name="java.class.path" value="/home/varun/Desktop/Workspace/ringer/target/test-classes:/home/varun/Desktop/Workspace/ringer/target/classes:/home/varun/.m2/repository/org/springframework/boot/spring-boot-starter-web/2.1.12.RELEASE/spring-boot-starter-web-2.1.12.RELEASE.jar:/home/varun/.m2/repository/org/springframework/boot/spring-boot-starter/2.1.12.RELEASE/spring-boot-starter-2.1.12.RELEASE.jar:/home/varun/.m2/repository/org/springframework/boot/spring-boot/2.1.12.RELEASE/spring-boot-2.1.12.RELEASE.jar:/home/varun/.m2/repository/org/springframework/boot/spring-boot-autoconfigure/2.1.12.RELEASE/spring-boot-autoconfigure-2.1.12.RELEASE.jar:/home/varun/.m2/repository/org/springframework/boot/spring-boot-starter-logging/2.1.12.RELEASE/spring-boot-starter-logging-2.1.12.RELEASE.jar:/home/varun/.m2/repository/ch/qos/logback/logback-classic/1.2.3/logback-classic-1.2.3.jar:/home/varun/.m2/repository/ch/qos/logback/logback-core/1.2.3/logback-core-1.2.3.jar:/home/varun/.m2/repository/org/apache/logging/log4j/log4j-to-slf4j/2.11.2/log4j-to-slf4j-2.11.2.jar:/home/varun/.m2/repository/org/apache/logging/log4j/log4j-api/2.11.2/log4j-api-2.11.2.jar:/home/varun/.m2/repository/org/slf4j/jul-to-slf4j/1.7.30/jul-to-slf4j-1.7.30.jar:/home/varun/.m2/repository/javax/annotation/javax.annotation-api/1.3.2/javax.annotation-api-1.3.2.jar:/home/varun/.m2/repository/org/yaml/snakeyaml/1.23/snakeyaml-1.23.jar:/home/varun/.m2/repository/org/springframework/boot/spring-boot-starter-json/2.1.12.RELEASE/spring-boot-starter-json-2.1.12.RELEASE.jar:/home/varun/.m2/repository/com/fasterxml/jackson/datatype/jackson-datatype-jdk8/2.9.10/jackson-datatype-jdk8-2.9.10.jar:/home/varun/.m2/repository/com/fasterxml/jackson/datatype/jackson-datatype-jsr310/2.9.10/jackson-datatype-jsr310-2.9.10.jar:/home/varun/.m2/repository/com/fasterxml/jackson/module/jackson-module-parameter-names/2.9.10/jackson-module-parameter-names-2.9.10.jar:/home/varun/.m2/repository/org/springframework/boot/spring-boot-starter-tomcat/2.1.12.RELEASE/spring-boot-starter-tomcat-2.1.12.RELEASE.jar:/home/varun/.m2/repository/org/apache/tomcat/embed/tomcat-embed-core/9.0.30/tomcat-embed-core-9.0.30.jar:/home/varun/.m2/repository/org/apache/tomcat/embed/tomcat-embed-el/9.0.30/tomcat-embed-el-9.0.30.jar:/home/varun/.m2/repository/org/apache/tomcat/embed/tomcat-embed-websocket/9.0.30/tomcat-embed-websocket-9.0.30.jar:/home/varun/.m2/repository/org/hibernate/validator/hibernate-validator/6.0.18.Final/hibernate-validator-6.0.18.Final.jar:/home/varun/.m2/repository/javax/validation/validation-api/2.0.1.Final/validation-api-2.0.1.Final.jar:/home/varun/.m2/repository/org/jboss/logging/jboss-logging/3.3.3.Final/jboss-logging-3.3.3.Final.jar:/home/varun/.m2/repository/com/fasterxml/classmate/1.4.0/classmate-1.4.0.jar:/home/varun/.m2/repository/org/springframework/spring-web/5.1.13.RELEASE/spring-web-5.1.13.RELEASE.jar:/home/varun/.m2/repository/org/springframework/spring-webmvc/5.1.13.RELEASE/spring-webmvc-5.1.13.RELEASE.jar:/home/varun/.m2/repository/org/springframework/boot/spring-boot-starter-websocket/2.1.12.RELEASE/spring-boot-starter-websocket-2.1.12.RELEASE.jar:/home/varun/.m2/repository/org/springframework/spring-messaging/5.1.13.RELEASE/spring-messaging-5.1.13.RELEASE.jar:/home/varun/.m2/repository/org/springframework/spring-websocket/5.1.13.RELEASE/spring-websocket-5.1.13.RELEASE.jar:/home/varun/.m2/repository/org/springframework/boot/spring-boot-starter-amqp/2.1.12.RELEASE/spring-boot-starter-amqp-2.1.12.RELEASE.jar:/home/varun/.m2/repository/org/springframework/amqp/spring-rabbit/2.1.13.RELEASE/spring-rabbit-2.1.13.RELEASE.jar:/home/varun/.m2/repository/com/rabbitmq/amqp-client/5.4.3/amqp-client-5.4.3.jar:/home/varun/.m2/repository/org/springframework/amqp/spring-amqp/2.1.13.RELEASE/spring-amqp-2.1.13.RELEASE.jar:/home/varun/.m2/repository/org/springframework/retry/spring-retry/1.2.5.RELEASE/spring-retry-1.2.5.RELEASE.jar:/home/varun/.m2/repository/org/springframework/boot/spring-boot-starter-test/2.1.12.RELEASE/spring-boot-starter-test-2.1.12.RELEASE.jar:/home/varun/.m2/repository/org/springframework/boot/spring-boot-test/2.1.12.RELEASE/spring-boot-test-2.1.12.RELEASE.jar:/home/varun/.m2/repository/org/springframework/boot/spring-boot-test-autoconfigure/2.1.12.RELEASE/spring-boot-test-autoconfigure-2.1.12.RELEASE.jar:/home/varun/.m2/repository/com/jayway/jsonpath/json-path/2.4.0/json-path-2.4.0.jar:/home/varun/.m2/repository/net/minidev/json-smart/2.3/json-smart-2.3.jar:/home/varun/.m2/repository/net/minidev/accessors-smart/1.2/accessors-smart-1.2.jar:/home/varun/.m2/repository/org/ow2/asm/asm/5.0.4/asm-5.0.4.jar:/home/varun/.m2/repository/junit/junit/4.12/junit-4.12.jar:/home/varun/.m2/repository/org/assertj/assertj-core/3.11.1/assertj-core-3.11.1.jar:/home/varun/.m2/repository/org/mockito/mockito-core/2.23.4/mockito-core-2.23.4.jar:/home/varun/.m2/repository/net/bytebuddy/byte-buddy/1.9.16/byte-buddy-1.9.16.jar:/home/varun/.m2/repository/net/bytebuddy/byte-buddy-agent/1.9.16/byte-buddy-agent-1.9.16.jar:/home/varun/.m2/repository/org/objenesis/objenesis/2.6/objenesis-2.6.jar:/home/varun/.m2/repository/org/hamcrest/hamcrest-core/1.3/hamcrest-core-1.3.jar:/home/varun/.m2/repository/org/hamcrest/hamcrest-library/1.3/hamcrest-library-1.3.jar:/home/varun/.m2/repository/org/skyscreamer/jsonassert/1.5.0/jsonassert-1.5.0.jar:/home/varun/.m2/repository/com/vaadin/external/google/android-json/0.0.20131108.vaadin1/android-json-0.0.20131108.vaadin1.jar:/home/varun/.m2/repository/org/springframework/spring-core/5.1.13.RELEASE/spring-core-5.1.13.RELEASE.jar:/home/varun/.m2/repository/org/springframework/spring-jcl/5.1.13.RELEASE/spring-jcl-5.1.13.RELEASE.jar:/home/varun/.m2/repository/org/springframework/spring-test/5.1.13.RELEASE/spring-test-5.1.13.RELEASE.jar:/home/varun/.m2/repository/org/xmlunit/xmlunit-core/2.6.3/xmlunit-core-2.6.3.jar:/home/varun/.m2/repository/org/springframework/data/spring-data-mongodb/2.1.15.RELEASE/spring-data-mongodb-2.1.15.RELEASE.jar:/home/varun/.m2/repository/org/springframework/spring-tx/5.1.13.RELEASE/spring-tx-5.1.13.RELEASE.jar:/home/varun/.m2/repository/org/springframework/spring-context/5.1.13.RELEASE/spring-context-5.1.13.RELEASE.jar:/home/varun/.m2/repository/org/springframework/spring-beans/5.1.13.RELEASE/spring-beans-5.1.13.RELEASE.jar:/home/varun/.m2/repository/org/springframework/spring-expression/5.1.13.RELEASE/spring-expression-5.1.13.RELEASE.jar:/home/varun/.m2/repository/org/springframework/data/spring-data-commons/2.1.15.RELEASE/spring-data-commons-2.1.15.RELEASE.jar:/home/varun/.m2/repository/org/mongodb/mongo-java-driver/3.8.2/mongo-java-driver-3.8.2.jar:/home/varun/.m2/repository/org/slf4j/slf4j-api/1.7.30/slf4j-api-1.7.30.jar:/home/varun/.m2/repository/io/jsonwebtoken/jjwt/0.6.0/jjwt-0.6.0.jar:/home/varun/.m2/repository/com/fasterxml/jackson/core/jackson-databind/2.9.10.2/jackson-databind-2.9.10.2.jar:/home/varun/.m2/repository/com/fasterxml/jackson/core/jackson-annotations/2.9.10/jackson-annotations-2.9.10.jar:/home/varun/.m2/repository/com/fasterxml/jackson/core/jackson-core/2.9.10/jackson-core-2.9.10.jar:/home/varun/.m2/repository/javax/xml/bind/jaxb-api/2.2.11/jaxb-api-2.2.11.jar:/home/varun/.m2/repository/com/sun/xml/bind/jaxb-core/2.2.11/jaxb-core-2.2.11.jar:/home/varun/.m2/repository/com/sun/xml/bind/jaxb-impl/2.2.11/jaxb-impl-2.2.11.jar:/home/varun/.m2/repository/javax/activation/activation/1.1.1/activation-1.1.1.jar:/home/varun/.m2/repository/org/mindrot/jbcrypt/0.3m/jbcrypt-0.3m.jar:/home/varun/.m2/repository/org/projectlombok/lombok/1.18.10/lombok-1.18.10.jar:/home/varun/.m2/repository/org/springframework/boot/spring-boot-starter-security/2.1.12.RELEASE/spring-boot-starter-security-2.1.12.RELEASE.jar:/home/varun/.m2/repository/org/springframework/spring-aop/5.1.13.RELEASE/spring-aop-5.1.13.RELEASE.jar:/home/varun/.m2/repository/org/springframework/security/spring-security-config/5.1.7.RELEASE/spring-security-config-5.1.7.RELEASE.jar:/home/varun/.m2/repository/org/springframework/security/spring-security-core/5.1.7.RELEASE/spring-security-core-5.1.7.RELEASE.jar:/home/varun/.m2/repository/org/springframework/security/spring-security-web/5.1.7.RELEASE/spring-security-web-5.1.7.RELEASE.jar:"/>
    <property name="java.vm.vendor" value="JetBrains s.r.o"/>
    <property name="sun.arch.data.model" value="64"/>
    <property name="java.vendor.url" value="https://www.jetbrains.com/"/>
    <property name="user.timezone" value=""/>
    <property name="java.vm.specification.version" value="11"/>
    <property name="os.name" value="Linux"/>
    <property name="sun.java.launcher" value="SUN_STANDARD"/>
    <property name="user.country" value="IN"/>
    <property name="sun.boot.library.path" value="/snap/intellij-idea-ultimate/198/jbr/lib"/>
    <property name="sun.java.command" value="/home/varun/Desktop/Workspace/ringer/target/surefire/surefirebooter6121916678926088651.jar /home/varun/Desktop/Workspace/ringer/target/surefire 2020-02-14T10-12-22_264-jvmRun1 surefire14298694958009764993tmp surefire_010371454153089310753tmp"/>
    <property name="jdk.debug" value="release"/>
    <property name="surefire.test.class.path" value="/home/varun/Desktop/Workspace/ringer/target/test-classes:/home/varun/Desktop/Workspace/ringer/target/classes:/home/varun/.m2/repository/org/springframework/boot/spring-boot-starter-web/2.1.12.RELEASE/spring-boot-starter-web-2.1.12.RELEASE.jar:/home/varun/.m2/repository/org/springframework/boot/spring-boot-starter/2.1.12.RELEASE/spring-boot-starter-2.1.12.RELEASE.jar:/home/varun/.m2/repository/org/springframework/boot/spring-boot/2.1.12.RELEASE/spring-boot-2.1.12.RELEASE.jar:/home/varun/.m2/repository/org/springframework/boot/spring-boot-autoconfigure/2.1.12.RELEASE/spring-boot-autoconfigure-2.1.12.RELEASE.jar:/home/varun/.m2/repository/org/springframework/boot/spring-boot-starter-logging/2.1.12.RELEASE/spring-boot-starter-logging-2.1.12.RELEASE.jar:/home/varun/.m2/repository/ch/qos/logback/logback-classic/1.2.3/logback-classic-1.2.3.jar:/home/varun/.m2/repository/ch/qos/logback/logback-core/1.2.3/logback-core-1.2.3.jar:/home/varun/.m2/repository/org/apache/logging/log4j/log4j-to-slf4j/2.11.2/log4j-to-slf4j-2.11.2.jar:/home/varun/.m2/repository/org/apache/logging/log4j/log4j-api/2.11.2/log4j-api-2.11.2.jar:/home/varun/.m2/repository/org/slf4j/jul-to-slf4j/1.7.30/jul-to-slf4j-1.7.30.jar:/home/varun/.m2/repository/javax/annotation/javax.annotation-api/1.3.2/javax.annotation-api-1.3.2.jar:/home/varun/.m2/repository/org/yaml/snakeyaml/1.23/snakeyaml-1.23.jar:/home/varun/.m2/repository/org/springframework/boot/spring-boot-starter-json/2.1.12.RELEASE/spring-boot-starter-json-2.1.12.RELEASE.jar:/home/varun/.m2/repository/com/fasterxml/jackson/datatype/jackson-datatype-jdk8/2.9.10/jackson-datatype-jdk8-2.9.10.jar:/home/varun/.m2/repository/com/fasterxml/jackson/datatype/jackson-datatype-jsr310/2.9.10/jackson-datatype-jsr310-2.9.10.jar:/home/varun/.m2/repository/com/fasterxml/jackson/module/jackson-module-parameter-names/2.9.10/jackson-module-parameter-names-2.9.10.jar:/home/varun/.m2/repository/org/springframework/boot/spring-boot-starter-tomcat/2.1.12.RELEASE/spring-boot-starter-tomcat-2.1.12.RELEASE.jar:/home/varun/.m2/repository/org/apache/tomcat/embed/tomcat-embed-core/9.0.30/tomcat-embed-core-9.0.30.jar:/home/varun/.m2/repository/org/apache/tomcat/embed/tomcat-embed-el/9.0.30/tomcat-embed-el-9.0.30.jar:/home/varun/.m2/repository/org/apache/tomcat/embed/tomcat-embed-websocket/9.0.30/tomcat-embed-websocket-9.0.30.jar:/home/varun/.m2/repository/org/hibernate/validator/hibernate-validator/6.0.18.Final/hibernate-validator-6.0.18.Final.jar:/home/varun/.m2/repository/javax/validation/validation-api/2.0.1.Final/validation-api-2.0.1.Final.jar:/home/varun/.m2/repository/org/jboss/logging/jboss-logging/3.3.3.Final/jboss-logging-3.3.3.Final.jar:/home/varun/.m2/repository/com/fasterxml/classmate/1.4.0/classmate-1.4.0.jar:/home/varun/.m2/repository/org/springframework/spring-web/5.1.13.RELEASE/spring-web-5.1.13.RELEASE.jar:/home/varun/.m2/repository/org/springframework/spring-webmvc/5.1.13.RELEASE/spring-webmvc-5.1.13.RELEASE.jar:/home/varun/.m2/repository/org/springframework/boot/spring-boot-starter-websocket/2.1.12.RELEASE/spring-boot-starter-websocket-2.1.12.RELEASE.jar:/home/varun/.m2/repository/org/springframework/spring-messaging/5.1.13.RELEASE/spring-messaging-5.1.13.RELEASE.jar:/home/varun/.m2/repository/org/springframework/spring-websocket/5.1.13.RELEASE/spring-websocket-5.1.13.RELEASE.jar:/home/varun/.m2/repository/org/springframework/boot/spring-boot-starter-amqp/2.1.12.RELEASE/spring-boot-starter-amqp-2.1.12.RELEASE.jar:/home/varun/.m2/repository/org/springframework/amqp/spring-rabbit/2.1.13.RELEASE/spring-rabbit-2.1.13.RELEASE.jar:/home/varun/.m2/repository/com/rabbitmq/amqp-client/5.4.3/amqp-client-5.4.3.jar:/home/varun/.m2/repository/org/springframework/amqp/spring-amqp/2.1.13.RELEASE/spring-amqp-2.1.13.RELEASE.jar:/home/varun/.m2/repository/org/springframework/retry/spring-retry/1.2.5.RELEASE/spring-retry-1.2.5.RELEASE.jar:/home/varun/.m2/repository/org/springframework/boot/spring-boot-starter-test/2.1.12.RELEASE/spring-boot-starter-test-2.1.12.RELEASE.jar:/home/varun/.m2/repository/org/springframework/boot/spring-boot-test/2.1.12.RELEASE/spring-boot-test-2.1.12.RELEASE.jar:/home/varun/.m2/repository/org/springframework/boot/spring-boot-test-autoconfigure/2.1.12.RELEASE/spring-boot-test-autoconfigure-2.1.12.RELEASE.jar:/home/varun/.m2/repository/com/jayway/jsonpath/json-path/2.4.0/json-path-2.4.0.jar:/home/varun/.m2/repository/net/minidev/json-smart/2.3/json-smart-2.3.jar:/home/varun/.m2/repository/net/minidev/accessors-smart/1.2/accessors-smart-1.2.jar:/home/varun/.m2/repository/org/ow2/asm/asm/5.0.4/asm-5.0.4.jar:/home/varun/.m2/repository/junit/junit/4.12/junit-4.12.jar:/home/varun/.m2/repository/org/assertj/assertj-core/3.11.1/assertj-core-3.11.1.jar:/home/varun/.m2/repository/org/mockito/mockito-core/2.23.4/mockito-core-2.23.4.jar:/home/varun/.m2/repository/net/bytebuddy/byte-buddy/1.9.16/byte-buddy-1.9.16.jar:/home/varun/.m2/repository/net/bytebuddy/byte-buddy-agent/1.9.16/byte-buddy-agent-1.9.16.jar:/home/varun/.m2/repository/org/objenesis/objenesis/2.6/objenesis-2.6.jar:/home/varun/.m2/repository/org/hamcrest/hamcrest-core/1.3/hamcrest-core-1.3.jar:/home/varun/.m2/repository/org/hamcrest/hamcrest-library/1.3/hamcrest-library-1.3.jar:/home/varun/.m2/repository/org/skyscreamer/jsonassert/1.5.0/jsonassert-1.5.0.jar:/home/varun/.m2/repository/com/vaadin/external/google/android-json/0.0.20131108.vaadin1/android-json-0.0.20131108.vaadin1.jar:/home/varun/.m2/repository/org/springframework/spring-core/5.1.13.RELEASE/spring-core-5.1.13.RELEASE.jar:/home/varun/.m2/repository/org/springframework/spring-jcl/5.1.13.RELEASE/spring-jcl-5.1.13.RELEASE.jar:/home/varun/.m2/repository/org/springframework/spring-test/5.1.13.RELEASE/spring-test-5.1.13.RELEASE.jar:/home/varun/.m2/repository/org/xmlunit/xmlunit-core/2.6.3/xmlunit-core-2.6.3.jar:/home/varun/.m2/repository/org/springframework/data/spring-data-mongodb/2.1.15.RELEASE/spring-data-mongodb-2.1.15.RELEASE.jar:/home/varun/.m2/repository/org/springframework/spring-tx/5.1.13.RELEASE/spring-tx-5.1.13.RELEASE.jar:/home/varun/.m2/repository/org/springframework/spring-context/5.1.13.RELEASE/spring-context-5.1.13.RELEASE.jar:/home/varun/.m2/repository/org/springframework/spring-beans/5.1.13.RELEASE/spring-beans-5.1.13.RELEASE.jar:/home/varun/.m2/repository/org/springframework/spring-expression/5.1.13.RELEASE/spring-expression-5.1.13.RELEASE.jar:/home/varun/.m2/repository/org/springframework/data/spring-data-commons/2.1.15.RELEASE/spring-data-commons-2.1.15.RELEASE.jar:/home/varun/.m2/repository/org/mongodb/mongo-java-driver/3.8.2/mongo-java-driver-3.8.2.jar:/home/varun/.m2/repository/org/slf4j/slf4j-api/1.7.30/slf4j-api-1.7.30.jar:/home/varun/.m2/repository/io/jsonwebtoken/jjwt/0.6.0/jjwt-0.6.0.jar:/home/varun/.m2/repository/com/fasterxml/jackson/core/jackson-databind/2.9.10.2/jackson-databind-2.9.10.2.jar:/home/varun/.m2/repository/com/fasterxml/jackson/core/jackson-annotations/2.9.10/jackson-annotations-2.9.10.jar:/home/varun/.m2/repository/com/fasterxml/jackson/core/jackson-core/2.9.10/jackson-core-2.9.10.jar:/home/varun/.m2/repository/javax/xml/bind/jaxb-api/2.2.11/jaxb-api-2.2.11.jar:/home/varun/.m2/repository/com/sun/xml/bind/jaxb-core/2.2.11/jaxb-core-2.2.11.jar:/home/varun/.m2/repository/com/sun/xml/bind/jaxb-impl/2.2.11/jaxb-impl-2.2.11.jar:/home/varun/.m2/repository/javax/activation/activation/1.1.1/activation-1.1.1.jar:/home/varun/.m2/repository/org/mindrot/jbcrypt/0.3m/jbcrypt-0.3m.jar:/home/varun/.m2/repository/org/projectlombok/lombok/1.18.10/lombok-1.18.10.jar:/home/varun/.m2/repository/org/springframework/boot/spring-boot-starter-security/2.1.12.RELEASE/spring-boot-starter-security-2.1.12.RELEASE.jar:/home/varun/.m2/repository/org/springframework/spring-aop/5.1.13.RELEASE/spring-aop-5.1.13.RELEASE.jar:/home/varun/.m2/repository/org/springframework/security/spring-security-config/5.1.7.RELEASE/spring-security-config-5.1.7.RELEASE.jar:/home/varun/.m2/repository/org/springframework/security/spring-security-core/5.1.7.RELEASE/spring-security-core-5.1.7.RELEASE.jar:/home/varun/.m2/repository/org/springframework/security/spring-security-web/5.1.7.RELEASE/spring-security-web-5.1.7.RELEASE.jar:"/>
    <property name="sun.cpu.endian" value="little"/>
    <property name="user.home" value="/home/varun"/>
    <property name="user.language" value="en"/>
    <property name="java.specification.vendor" value="Oracle Corporation"/>
    <property name="java.version.date" value="2019-10-15"/>
    <property name="java.home" value="/snap/intellij-idea-ultimate/198/jbr"/>
    <property name="file.separator" value="/"/>
    <property name="basedir" value="/home/varun/Desktop/Workspace/ringer"/>
    <property name="java.vm.compressedOopsMode" value="32-bit"/>
    <property name="line.separator" value="&#10;"/>
    <property name="java.specification.name" value="Java Platform API Specification"/>
    <property name="java.vm.specification.vendor" value="Oracle Corporation"/>
    <property name="java.awt.graphicsenv" value="sun.awt.X11GraphicsEnvironment"/>
    <property name="surefire.real.class.path" value="/home/varun/Desktop/Workspace/ringer/target/surefire/surefirebooter6121916678926088651.jar"/>
    <property name="sun.management.compiler" value="HotSpot 64-Bit Tiered Compilers"/>
    <property name="java.runtime.version" value="11.0.5+10-b520.30"/>
    <property name="user.name" value="varun"/>
    <property name="path.separator" value=":"/>
    <property name="os.version" value="5.3.0-28-generic"/>
    <property name="java.runtime.name" value="OpenJDK Runtime Environment"/>
    <property name="file.encoding" value="UTF-8"/>
    <property name="java.vm.name" value="OpenJDK 64-Bit Server VM"/>
    <property name="localRepository" value="/home/varun/.m2/repository"/>
    <property name="java.vendor.url.bug" value="https://youtrack.jetbrains.com"/>
    <property name="java.io.tmpdir" value="/tmp"/>
    <property name="java.version" value="11.0.5"/>
    <property name="user.dir" value="/home/varun/Desktop/Workspace/ringer"/>
    <property name="os.arch" value="amd64"/>
    <property name="java.vm.specification.name" value="Java Virtual Machine Specification"/>
    <property name="java.awt.printerjob" value="sun.print.PSPrinterJob"/>
    <property name="sun.os.patch.level" value="unknown"/>
    <property name="java.library.path" value="/usr/java/packages/lib:/usr/lib64:/lib64:/lib:/usr/lib"/>
    <property name="idea.version2019.3.2" value="true"/>
    <property name="java.vendor" value="JetBrains s.r.o"/>
    <property name="java.vm.info" value="mixed mode"/>
    <property name="java.vm.version" value="11.0.5+10-b520.30"/>
    <property name="sun.io.unicode.encoding" value="UnicodeLittle"/>
    <property name="java.class.version" value="55.0"/>
  </properties>
  <testcase name="contextLoads" classname="com.iboxz.ringer.RingerApplicationTests" time="2.386"/>
</testsuite>